<?xml version="1.0" encoding="UTF-8"?>
<testng-results ignored="0" total="1" passed="1" failed="0" skipped="0">
  <reporter-output>
  </reporter-output>
  <suite started-at="2023-02-09T01:24:40 EST" name="Default suite" finished-at="2023-02-09T01:24:44 EST" duration-ms="4836">
    <groups>
    </groups>
    <test started-at="2023-02-09T01:24:40 EST" name="Default test" finished-at="2023-02-09T01:24:44 EST" duration-ms="4836">
      <class name="seleniumssss.LoginLogout">
        <test-method signature="openbrowser()[pri:0, instance:seleniumssss.LoginLogout@31368b99]" started-at="2023-02-09T01:24:40 EST" name="openbrowser" finished-at="2023-02-09T01:24:44 EST" duration-ms="4759" status="PASS">
          <reporter-output>
          </reporter-output>
        </test-method> <!-- openbrowser -->
      </class> <!-- seleniumssss.LoginLogout -->
    </test> <!-- Default test -->
  </suite> <!-- Default suite -->
</testng-results>
